d:\documents\workset\codeheap\atm_gh2005\supportiveprojects\randomchars\randomchars\debug\randomchars.pch
d:\documents\workset\codeheap\atm_gh2005\supportiveprojects\randomchars\randomchars\debug\vc140.pdb
d:\documents\workset\codeheap\atm_gh2005\supportiveprojects\randomchars\randomchars\debug\stdafx.obj
d:\documents\workset\codeheap\atm_gh2005\supportiveprojects\randomchars\randomchars\debug\randomchars.obj
d:\documents\workset\codeheap\atm_gh2005\supportiveprojects\randomchars\randomchars\debug\assemblyinfo.obj
d:\documents\workset\codeheap\atm_gh2005\supportiveprojects\randomchars\randomchars\debug\.netframework,version=v4.5.2.assemblyattributes.obj
d:\documents\workset\codeheap\atm_gh2005\supportiveprojects\randomchars\randomchars\debug\.netframework,version=v4.5.2.assemblyattributes.asm
d:\documents\workset\codeheap\atm_gh2005\supportiveprojects\randomchars\debug\randomchars.dll
d:\documents\workset\codeheap\atm_gh2005\supportiveprojects\randomchars\debug\randomchars.pdb
d:\documents\workset\codeheap\atm_gh2005\supportiveprojects\randomchars\randomchars\debug\app.res
d:\documents\workset\codeheap\atm_gh2005\supportiveprojects\randomchars\randomchars\debug\randomchars.vcxprojresolveassemblyreference.cache
d:\documents\workset\codeheap\atm_gh2005\supportiveprojects\randomchars\randomchars\debug\randomchars.tlog\cl.command.1.tlog
d:\documents\workset\codeheap\atm_gh2005\supportiveprojects\randomchars\randomchars\debug\randomchars.tlog\cl.read.1.tlog
d:\documents\workset\codeheap\atm_gh2005\supportiveprojects\randomchars\randomchars\debug\randomchars.tlog\cl.write.1.tlog
d:\documents\workset\codeheap\atm_gh2005\supportiveprojects\randomchars\randomchars\debug\randomchars.tlog\link.command.1.tlog
d:\documents\workset\codeheap\atm_gh2005\supportiveprojects\randomchars\randomchars\debug\randomchars.tlog\link.read.1.tlog
d:\documents\workset\codeheap\atm_gh2005\supportiveprojects\randomchars\randomchars\debug\randomchars.tlog\link.write.1.tlog
d:\documents\workset\codeheap\atm_gh2005\supportiveprojects\randomchars\randomchars\debug\randomchars.tlog\metagen.read.1.tlog
d:\documents\workset\codeheap\atm_gh2005\supportiveprojects\randomchars\randomchars\debug\randomchars.tlog\metagen.write.1.tlog
d:\documents\workset\codeheap\atm_gh2005\supportiveprojects\randomchars\randomchars\debug\randomchars.tlog\rc.command.1.tlog
d:\documents\workset\codeheap\atm_gh2005\supportiveprojects\randomchars\randomchars\debug\randomchars.tlog\rc.read.1.tlog
d:\documents\workset\codeheap\atm_gh2005\supportiveprojects\randomchars\randomchars\debug\randomchars.tlog\rc.write.1.tlog
d:\documents\workset\codeheap\atm_gh2005\supportiveprojects\randomchars\randomchars\debug\randomchars.tlog\oleaccrc.dll.bi
d:\documents\workset\codeheap\atm_gh2005\supportiveprojects\randomchars\randomchars\debug\randomchars.tlog\tzres.dll.bi
