d:\documents\workset\codeheap\atm_gh2005\supportiveprojects\leaguer_commodity_paymentmode\leaguer_commodity_paymentmode\debug\leaguer_commodity_paymentmode_dll.pch
d:\documents\workset\codeheap\atm_gh2005\supportiveprojects\leaguer_commodity_paymentmode\leaguer_commodity_paymentmode\debug\vc140.pdb
d:\documents\workset\codeheap\atm_gh2005\supportiveprojects\leaguer_commodity_paymentmode\leaguer_commodity_paymentmode\debug\stdafx.obj
d:\documents\workset\codeheap\atm_gh2005\supportiveprojects\leaguer_commodity_paymentmode\leaguer_commodity_paymentmode\debug\leaguer_commodity_paymentmode.obj
d:\documents\workset\codeheap\atm_gh2005\supportiveprojects\leaguer_commodity_paymentmode\leaguer_commodity_paymentmode\debug\assemblyinfo.obj
d:\documents\workset\codeheap\atm_gh2005\supportiveprojects\leaguer_commodity_paymentmode\leaguer_commodity_paymentmode\debug\.netframework,version=v4.5.2.assemblyattributes.obj
d:\documents\workset\codeheap\atm_gh2005\supportiveprojects\leaguer_commodity_paymentmode\leaguer_commodity_paymentmode\debug\.netframework,version=v4.5.2.assemblyattributes.asm
d:\documents\workset\codeheap\atm_gh2005\supportiveprojects\leaguer_commodity_paymentmode\debug\leaguer_commodity_paymentmode_dll.dll
d:\documents\workset\codeheap\atm_gh2005\supportiveprojects\leaguer_commodity_paymentmode\debug\leaguer_commodity_paymentmode_dll.pdb
d:\documents\workset\codeheap\atm_gh2005\supportiveprojects\leaguer_commodity_paymentmode\leaguer_commodity_paymentmode\debug\app.res
d:\documents\workset\codeheap\atm_gh2005\supportiveprojects\leaguer_commodity_paymentmode\leaguer_commodity_paymentmode\debug\leaguer_commodity_paymentmode.vcxprojresolveassemblyreference.cache
d:\documents\workset\codeheap\atm_gh2005\supportiveprojects\leaguer_commodity_paymentmode\leaguer_commodity_paymentmode\debug\leaguer_.23815e06.tlog\cl.command.1.tlog
d:\documents\workset\codeheap\atm_gh2005\supportiveprojects\leaguer_commodity_paymentmode\leaguer_commodity_paymentmode\debug\leaguer_.23815e06.tlog\cl.read.1.tlog
d:\documents\workset\codeheap\atm_gh2005\supportiveprojects\leaguer_commodity_paymentmode\leaguer_commodity_paymentmode\debug\leaguer_.23815e06.tlog\cl.write.1.tlog
d:\documents\workset\codeheap\atm_gh2005\supportiveprojects\leaguer_commodity_paymentmode\leaguer_commodity_paymentmode\debug\leaguer_.23815e06.tlog\link.command.1.tlog
d:\documents\workset\codeheap\atm_gh2005\supportiveprojects\leaguer_commodity_paymentmode\leaguer_commodity_paymentmode\debug\leaguer_.23815e06.tlog\link.read.1.tlog
d:\documents\workset\codeheap\atm_gh2005\supportiveprojects\leaguer_commodity_paymentmode\leaguer_commodity_paymentmode\debug\leaguer_.23815e06.tlog\link.write.1.tlog
d:\documents\workset\codeheap\atm_gh2005\supportiveprojects\leaguer_commodity_paymentmode\leaguer_commodity_paymentmode\debug\leaguer_.23815e06.tlog\metagen.read.1.tlog
d:\documents\workset\codeheap\atm_gh2005\supportiveprojects\leaguer_commodity_paymentmode\leaguer_commodity_paymentmode\debug\leaguer_.23815e06.tlog\metagen.write.1.tlog
d:\documents\workset\codeheap\atm_gh2005\supportiveprojects\leaguer_commodity_paymentmode\leaguer_commodity_paymentmode\debug\leaguer_.23815e06.tlog\rc.command.1.tlog
d:\documents\workset\codeheap\atm_gh2005\supportiveprojects\leaguer_commodity_paymentmode\leaguer_commodity_paymentmode\debug\leaguer_.23815e06.tlog\rc.read.1.tlog
d:\documents\workset\codeheap\atm_gh2005\supportiveprojects\leaguer_commodity_paymentmode\leaguer_commodity_paymentmode\debug\leaguer_.23815e06.tlog\rc.write.1.tlog
d:\documents\workset\codeheap\atm_gh2005\supportiveprojects\leaguer_commodity_paymentmode\leaguer_commodity_paymentmode\debug\leaguer_.23815e06.tlog\oleaccrc.dll.bi
d:\documents\workset\codeheap\atm_gh2005\supportiveprojects\leaguer_commodity_paymentmode\leaguer_commodity_paymentmode\debug\leaguer_.23815e06.tlog\tzres.dll.bi
