E:\DOCUMENTS\VITALPROJECTS\LEAGUER_COMMODITY_PAYMENTMODE\DEBUG\LEAGUER_COMMODITY_PAYMENTMODE.DLL
E:\DOCUMENTS\VITALPROJECTS\LEAGUER_COMMODITY_PAYMENTMODE\DEBUG\LEAGUER_COMMODITY_PAYMENTMODE.ILK
E:\DOCUMENTS\VITALPROJECTS\LEAGUER_COMMODITY_PAYMENTMODE\DEBUG\LEAGUER_COMMODITY_PAYMENTMODE.PDB
E:\DOCUMENTS\VITALPROJECTS\LEAGUER_COMMODITY_PAYMENTMODE\LEAGUER_COMMODITY_PAYMENTMODE\DEBUG\.NETFRAMEWORK,VERSION=V4.0.ASSEMBLYATTRIBUTES.OBJ
E:\DOCUMENTS\VITALPROJECTS\LEAGUER_COMMODITY_PAYMENTMODE\LEAGUER_COMMODITY_PAYMENTMODE\DEBUG\APP.RES
E:\DOCUMENTS\VITALPROJECTS\LEAGUER_COMMODITY_PAYMENTMODE\LEAGUER_COMMODITY_PAYMENTMODE\DEBUG\ASSEMBLYINFO.OBJ
E:\Documents\VitalProjects\Leaguer_Commodity_PaymentMode\Leaguer_Commodity_PaymentMode\Debug\cl.command.1.tlog
E:\Documents\VitalProjects\Leaguer_Commodity_PaymentMode\Leaguer_Commodity_PaymentMode\Debug\CL.read.1.tlog
E:\Documents\VitalProjects\Leaguer_Commodity_PaymentMode\Leaguer_Commodity_PaymentMode\Debug\CL.write.1.tlog
E:\DOCUMENTS\VITALPROJECTS\LEAGUER_COMMODITY_PAYMENTMODE\LEAGUER_COMMODITY_PAYMENTMODE\DEBUG\LEAGUER_COMMODITY_PAYMENTMODE.DLL.INTERMEDIATE.MANIFEST
E:\DOCUMENTS\VITALPROJECTS\LEAGUER_COMMODITY_PAYMENTMODE\LEAGUER_COMMODITY_PAYMENTMODE\DEBUG\LEAGUER_COMMODITY_PAYMENTMODE.OBJ
E:\DOCUMENTS\VITALPROJECTS\LEAGUER_COMMODITY_PAYMENTMODE\LEAGUER_COMMODITY_PAYMENTMODE\DEBUG\LEAGUER_COMMODITY_PAYMENTMODE.PCH
E:\Documents\VitalProjects\Leaguer_Commodity_PaymentMode\Leaguer_Commodity_PaymentMode\Debug\Leaguer_Commodity_PaymentMode.write.1.tlog
E:\Documents\VitalProjects\Leaguer_Commodity_PaymentMode\Leaguer_Commodity_PaymentMode\Debug\link.6104.read.1.tlog
E:\Documents\VitalProjects\Leaguer_Commodity_PaymentMode\Leaguer_Commodity_PaymentMode\Debug\link.6104.write.1.tlog
E:\Documents\VitalProjects\Leaguer_Commodity_PaymentMode\Leaguer_Commodity_PaymentMode\Debug\link.6104-cvtres.read.1.tlog
E:\Documents\VitalProjects\Leaguer_Commodity_PaymentMode\Leaguer_Commodity_PaymentMode\Debug\link.6104-cvtres.write.1.tlog
E:\Documents\VitalProjects\Leaguer_Commodity_PaymentMode\Leaguer_Commodity_PaymentMode\Debug\link.7672.read.1.tlog
E:\Documents\VitalProjects\Leaguer_Commodity_PaymentMode\Leaguer_Commodity_PaymentMode\Debug\link.7672.write.1.tlog
E:\Documents\VitalProjects\Leaguer_Commodity_PaymentMode\Leaguer_Commodity_PaymentMode\Debug\link.7672-cvtres.read.1.tlog
E:\Documents\VitalProjects\Leaguer_Commodity_PaymentMode\Leaguer_Commodity_PaymentMode\Debug\link.7672-cvtres.write.1.tlog
E:\Documents\VitalProjects\Leaguer_Commodity_PaymentMode\Leaguer_Commodity_PaymentMode\Debug\link.command.1.tlog
E:\Documents\VitalProjects\Leaguer_Commodity_PaymentMode\Leaguer_Commodity_PaymentMode\Debug\link.read.1.tlog
E:\Documents\VitalProjects\Leaguer_Commodity_PaymentMode\Leaguer_Commodity_PaymentMode\Debug\link.write.1.tlog
E:\Documents\VitalProjects\Leaguer_Commodity_PaymentMode\Leaguer_Commodity_PaymentMode\Debug\mt.command.1.tlog
E:\Documents\VitalProjects\Leaguer_Commodity_PaymentMode\Leaguer_Commodity_PaymentMode\Debug\mt.read.1.tlog
E:\Documents\VitalProjects\Leaguer_Commodity_PaymentMode\Leaguer_Commodity_PaymentMode\Debug\mt.write.1.tlog
E:\Documents\VitalProjects\Leaguer_Commodity_PaymentMode\Leaguer_Commodity_PaymentMode\Debug\rc.command.1.tlog
E:\Documents\VitalProjects\Leaguer_Commodity_PaymentMode\Leaguer_Commodity_PaymentMode\Debug\rc.read.1.tlog
E:\Documents\VitalProjects\Leaguer_Commodity_PaymentMode\Leaguer_Commodity_PaymentMode\Debug\rc.write.1.tlog
E:\DOCUMENTS\VITALPROJECTS\LEAGUER_COMMODITY_PAYMENTMODE\LEAGUER_COMMODITY_PAYMENTMODE\DEBUG\STDAFX.OBJ
E:\DOCUMENTS\VITALPROJECTS\LEAGUER_COMMODITY_PAYMENTMODE\LEAGUER_COMMODITY_PAYMENTMODE\DEBUG\VC100.PDB
