d:\documents\workset\codeheap\atm_gh2005\release\leaguer_commodity_paymentmode_dll.dll
d:\documents\workset\codeheap\atm_gh2005\release\randomchars.dll
d:\documents\workset\codeheap\atm_gh2005\atm_gh2005\release\atm_gh2005.commodityentering.resources
d:\documents\workset\codeheap\atm_gh2005\atm_gh2005\release\atm_gh2005.debugtools.resources
d:\documents\workset\codeheap\atm_gh2005\atm_gh2005\release\atm_gh2005.forform1.resources
d:\documents\workset\codeheap\atm_gh2005\atm_gh2005\release\atm_gh2005.form1.resources
d:\documents\workset\codeheap\atm_gh2005\atm_gh2005\release\atm_gh2005.logindialog.resources
d:\documents\workset\codeheap\atm_gh2005\atm_gh2005\release\atm_gh2005.paypage.resources
d:\documents\workset\codeheap\atm_gh2005\atm_gh2005\release\atm_gh2005.recordquery.resources
d:\documents\workset\codeheap\atm_gh2005\atm_gh2005\release\atm_gh2005.register.resources
d:\documents\workset\codeheap\atm_gh2005\atm_gh2005\release\atm_gh2005.会员注册.resources
d:\documents\workset\codeheap\atm_gh2005\atm_gh2005\release\atm_gh2005.pch
d:\documents\workset\codeheap\atm_gh2005\atm_gh2005\release\vc140.pdb
d:\documents\workset\codeheap\atm_gh2005\atm_gh2005\release\stdafx.obj
d:\documents\workset\codeheap\atm_gh2005\atm_gh2005\release\atm_gh2005.obj
d:\documents\workset\codeheap\atm_gh2005\atm_gh2005\release\assemblyinfo.obj
d:\documents\workset\codeheap\atm_gh2005\atm_gh2005\release\.netframework,version=v4.5.2.assemblyattributes.obj
d:\documents\workset\codeheap\atm_gh2005\atm_gh2005\release\.netframework,version=v4.5.2.assemblyattributes.asm
d:\documents\workset\codeheap\atm_gh2005\release\atm_gh2005.exe
d:\documents\workset\codeheap\atm_gh2005\release\atm_gh2005.pdb
d:\documents\workset\codeheap\atm_gh2005\atm_gh2005\release\atm_gh2005.tlog\metagen.write.1.tlog
d:\documents\workset\codeheap\atm_gh2005\atm_gh2005\release\app.res
d:\documents\workset\codeheap\atm_gh2005\atm_gh2005\release\atm_gh2005.vcxproj.generateresource.cache
d:\documents\workset\codeheap\atm_gh2005\atm_gh2005\release\atm_gh2005.vcxprojresolveassemblyreference.cache
d:\documents\workset\codeheap\atm_gh2005\atm_gh2005\release\atm_gh2005.tlog\atm_gh2005.write.1u.tlog
d:\documents\workset\codeheap\atm_gh2005\atm_gh2005\release\atm_gh2005.tlog\cl.command.1.tlog
d:\documents\workset\codeheap\atm_gh2005\atm_gh2005\release\atm_gh2005.tlog\cl.read.1.tlog
d:\documents\workset\codeheap\atm_gh2005\atm_gh2005\release\atm_gh2005.tlog\cl.write.1.tlog
d:\documents\workset\codeheap\atm_gh2005\atm_gh2005\release\atm_gh2005.tlog\link.command.1.tlog
d:\documents\workset\codeheap\atm_gh2005\atm_gh2005\release\atm_gh2005.tlog\link.read.1.tlog
d:\documents\workset\codeheap\atm_gh2005\atm_gh2005\release\atm_gh2005.tlog\link.write.1.tlog
d:\documents\workset\codeheap\atm_gh2005\atm_gh2005\release\atm_gh2005.tlog\metagen.read.1.tlog
d:\documents\workset\codeheap\atm_gh2005\atm_gh2005\release\atm_gh2005.tlog\rc.command.1.tlog
d:\documents\workset\codeheap\atm_gh2005\atm_gh2005\release\atm_gh2005.tlog\rc.read.1.tlog
d:\documents\workset\codeheap\atm_gh2005\atm_gh2005\release\atm_gh2005.tlog\rc.write.1.tlog
d:\documents\workset\codeheap\atm_gh2005\atm_gh2005\release\atm_gh2005.tlog\leaguer_commodity_paymentmode_dll.dll.metagen
d:\documents\workset\codeheap\atm_gh2005\atm_gh2005\release\atm_gh2005.tlog\randomchars.dll.metagen
d:\documents\workset\codeheap\atm_gh2005\atm_gh2005\release\atm_gh2005.tlog\oleaccrc.dll.bi
d:\documents\workset\codeheap\atm_gh2005\atm_gh2005\release\atm_gh2005.tlog\tzres.dll.bi
